<?xml version="1.0" encoding="UTF-8"?>
<!-- Generated by org.testng.reporters.JUnitXMLReporter -->
<testsuite ignored="0" hostname="LAPTOP-CRFBHCCR" failures="0" tests="5" name="WebApplicationTest" time="127.091" errors="0" timestamp="2023-07-21T11:20:41 IST">
  <testcase classname="app.test.RegisterTest" name="testRegisterFailure" time="17.281"/>
  <testcase classname="app.test.RegisterTest" name="testRegisterSuccess" time="10.783"/>
  <testcase classname="app.test.LoginTest" name="testLoginFailure" time="6.999"/>
  <testcase classname="app.test.LoginTest" name="testLoginSuccess" time="4.14"/>
  <testcase classname="app.test.SearchAndCartTest" name="testSearchAndCart" time="13.227"/>
</testsuite> <!-- WebApplicationTest -->
