<?xml version="1.0" encoding="UTF-8"?>
<testng-results ignored="0" total="5" passed="5" failed="0" skipped="0">
  <reporter-output>
    <line>
      <![CDATA[inside testRegisterFailure]]>
    </line>
    <line>
      <![CDATA[Went to home Page]]>
    </line>
    <line>
      <![CDATA[Went to Register Page]]>
    </line>
    <line>
      <![CDATA[Providing existing email]]>
    </line>
    <line>
      <![CDATA[Registration not done]]>
    </line>
    <line>
      <![CDATA[Remainining on Register Page]]>
    </line>
    <line>
      <![CDATA[inside testRegisterSuccess]]>
    </line>
    <line>
      <![CDATA[Went to home Page]]>
    </line>
    <line>
      <![CDATA[Providing new email]]>
    </line>
    <line>
      <![CDATA[Went to home page]]>
    </line>
    <line>
      <![CDATA[New User Registration - DONE]]>
    </line>
    <line>
      <![CDATA[inside testLoginFailure]]>
    </line>
    <line>
      <![CDATA[Went to home Page]]>
    </line>
    <line>
      <![CDATA[Went to Login Page]]>
    </line>
    <line>
      <![CDATA[Sending incorrect credentials]]>
    </line>
    <line>
      <![CDATA[Remaining back on login page]]>
    </line>
    <line>
      <![CDATA[inside testLoginSuccess]]>
    </line>
    <line>
      <![CDATA[Went to home Page]]>
    </line>
    <line>
      <![CDATA[Went to Login Page]]>
    </line>
    <line>
      <![CDATA[Sending correct credentials]]>
    </line>
    <line>
      <![CDATA[Went to Dashboard]]>
    </line>
    <line>
      <![CDATA[Logging out]]>
    </line>
    <line>
      <![CDATA[Went back to Home]]>
    </line>
    <line>
      <![CDATA[inside testSearchAndCart]]>
    </line>
    <line>
      <![CDATA[Went to home Page]]>
    </line>
    <line>
      <![CDATA[Went to Login Page]]>
    </line>
    <line>
      <![CDATA[Sending correct credentials]]>
    </line>
    <line>
      <![CDATA[Went to Dashboard]]>
    </line>
    <line>
      <![CDATA[Sending a part of item name to get item names that contain this part]]>
    </line>
    <line>
      <![CDATA[Displaying the items which contain the part - note in them]]>
    </line>
    <line>
      <![CDATA[Adding Spiral Notebook to cart]]>
    </line>
    <line>
      <![CDATA[Removing Spiral Notebook from cart]]>
    </line>
    <line>
      <![CDATA[Logging out]]>
    </line>
    <line>
      <![CDATA[Went back to Home]]>
    </line>
  </reporter-output>
  <suite started-at="2023-07-21T11:18:34 IST" name="WebApplicationTestSuite" finished-at="2023-07-21T11:20:41 IST" duration-ms="127091">
    <groups>
    </groups>
    <test started-at="2023-07-21T11:18:34 IST" name="WebApplicationTest" finished-at="2023-07-21T11:20:41 IST" duration-ms="127091">
      <class name="app.test.RegisterTest">
        <test-method is-config="true" signature="setUp(java.lang.String)[pri:0, instance:app.test.RegisterTest@1ed4ae0f]" started-at="2023-07-21T11:18:34 IST" name="setUp" finished-at="2023-07-21T11:19:30 IST" duration-ms="56278" status="PASS">
          <params>
            <param index="0">
              <value>
                <![CDATA[A:\SELENIUM\chromedriver.exe]]>
              </value>
            </param>
          </params>
          <reporter-output>
          </reporter-output>
        </test-method> <!-- setUp -->
        <test-method signature="testRegisterFailure(java.lang.String,java.lang.String)[pri:1, instance:app.test.RegisterTest@1ed4ae0f]" started-at="2023-07-21T11:19:30 IST" name="testRegisterFailure" finished-at="2023-07-21T11:19:48 IST" duration-ms="17281" status="PASS">
          <params>
            <param index="0">
              <value>
                <![CDATA[http://localhost:8080/Web-App-Automation-and-Testing]]>
              </value>
            </param>
            <param index="1">
              <value>
                <![CDATA[C:\Users\aksh1\Documents\workspace-spring-tool-suite-4-4.18.0.RELEASE\Web-App-Automation-and-Testing\src\main\resources\images\]]>
              </value>
            </param>
          </params>
          <reporter-output>
            <line>
              <![CDATA[inside testRegisterFailure]]>
            </line>
            <line>
              <![CDATA[Went to home Page]]>
            </line>
            <line>
              <![CDATA[Went to Register Page]]>
            </line>
            <line>
              <![CDATA[Providing existing email]]>
            </line>
            <line>
              <![CDATA[Registration not done]]>
            </line>
            <line>
              <![CDATA[Remainining on Register Page]]>
            </line>
          </reporter-output>
        </test-method> <!-- testRegisterFailure -->
        <test-method signature="testRegisterSuccess(java.lang.String,java.lang.String)[pri:2, instance:app.test.RegisterTest@1ed4ae0f]" started-at="2023-07-21T11:19:48 IST" name="testRegisterSuccess" finished-at="2023-07-21T11:19:59 IST" duration-ms="10783" status="PASS">
          <params>
            <param index="0">
              <value>
                <![CDATA[http://localhost:8080/Web-App-Automation-and-Testing]]>
              </value>
            </param>
            <param index="1">
              <value>
                <![CDATA[C:\Users\aksh1\Documents\workspace-spring-tool-suite-4-4.18.0.RELEASE\Web-App-Automation-and-Testing\src\main\resources\images\]]>
              </value>
            </param>
          </params>
          <reporter-output>
            <line>
              <![CDATA[inside testRegisterSuccess]]>
            </line>
            <line>
              <![CDATA[Went to home Page]]>
            </line>
            <line>
              <![CDATA[Providing new email]]>
            </line>
            <line>
              <![CDATA[Went to home page]]>
            </line>
            <line>
              <![CDATA[New User Registration - DONE]]>
            </line>
          </reporter-output>
        </test-method> <!-- testRegisterSuccess -->
        <test-method is-config="true" signature="tearDown()[pri:0, instance:app.test.RegisterTest@1ed4ae0f]" started-at="2023-07-21T11:19:59 IST" name="tearDown" finished-at="2023-07-21T11:20:10 IST" duration-ms="11783" status="PASS">
          <reporter-output>
          </reporter-output>
        </test-method> <!-- tearDown -->
      </class> <!-- app.test.RegisterTest -->
      <class name="app.test.LoginTest">
        <test-method is-config="true" signature="setUp(java.lang.String)[pri:0, instance:app.test.LoginTest@53fe15ff]" started-at="2023-07-21T11:20:10 IST" name="setUp" finished-at="2023-07-21T11:20:14 IST" duration-ms="3574" status="PASS">
          <params>
            <param index="0">
              <value>
                <![CDATA[A:\SELENIUM\chromedriver.exe]]>
              </value>
            </param>
          </params>
          <reporter-output>
          </reporter-output>
        </test-method> <!-- setUp -->
        <test-method signature="testLoginFailure(java.lang.String,java.lang.String)[pri:1, instance:app.test.LoginTest@53fe15ff]" started-at="2023-07-21T11:20:14 IST" name="testLoginFailure" finished-at="2023-07-21T11:20:21 IST" duration-ms="6999" status="PASS">
          <params>
            <param index="0">
              <value>
                <![CDATA[http://localhost:8080/Web-App-Automation-and-Testing]]>
              </value>
            </param>
            <param index="1">
              <value>
                <![CDATA[C:\Users\aksh1\Documents\workspace-spring-tool-suite-4-4.18.0.RELEASE\Web-App-Automation-and-Testing\src\main\resources\images\]]>
              </value>
            </param>
          </params>
          <reporter-output>
            <line>
              <![CDATA[inside testLoginFailure]]>
            </line>
            <line>
              <![CDATA[Went to home Page]]>
            </line>
            <line>
              <![CDATA[Went to Login Page]]>
            </line>
            <line>
              <![CDATA[Sending incorrect credentials]]>
            </line>
            <line>
              <![CDATA[Remaining back on login page]]>
            </line>
          </reporter-output>
        </test-method> <!-- testLoginFailure -->
        <test-method signature="testLoginSuccess(java.lang.String,java.lang.String)[pri:1, instance:app.test.LoginTest@53fe15ff]" started-at="2023-07-21T11:20:21 IST" name="testLoginSuccess" finished-at="2023-07-21T11:20:25 IST" duration-ms="4140" status="PASS">
          <params>
            <param index="0">
              <value>
                <![CDATA[http://localhost:8080/Web-App-Automation-and-Testing]]>
              </value>
            </param>
            <param index="1">
              <value>
                <![CDATA[C:\Users\aksh1\Documents\workspace-spring-tool-suite-4-4.18.0.RELEASE\Web-App-Automation-and-Testing\src\main\resources\images\]]>
              </value>
            </param>
          </params>
          <reporter-output>
            <line>
              <![CDATA[inside testLoginSuccess]]>
            </line>
            <line>
              <![CDATA[Went to home Page]]>
            </line>
            <line>
              <![CDATA[Went to Login Page]]>
            </line>
            <line>
              <![CDATA[Sending correct credentials]]>
            </line>
            <line>
              <![CDATA[Went to Dashboard]]>
            </line>
            <line>
              <![CDATA[Logging out]]>
            </line>
            <line>
              <![CDATA[Went back to Home]]>
            </line>
          </reporter-output>
        </test-method> <!-- testLoginSuccess -->
        <test-method is-config="true" signature="tearDown()[pri:0, instance:app.test.LoginTest@53fe15ff]" started-at="2023-07-21T11:20:25 IST" name="tearDown" finished-at="2023-07-21T11:20:25 IST" duration-ms="166" status="PASS">
          <reporter-output>
          </reporter-output>
        </test-method> <!-- tearDown -->
      </class> <!-- app.test.LoginTest -->
      <class name="app.test.SearchAndCartTest">
        <test-method is-config="true" signature="setUp(java.lang.String)[pri:0, instance:app.test.SearchAndCartTest@449a4f23]" started-at="2023-07-21T11:20:25 IST" name="setUp" finished-at="2023-07-21T11:20:28 IST" duration-ms="2603" status="PASS">
          <params>
            <param index="0">
              <value>
                <![CDATA[A:\SELENIUM\chromedriver.exe]]>
              </value>
            </param>
          </params>
          <reporter-output>
          </reporter-output>
        </test-method> <!-- setUp -->
        <test-method signature="testSearchAndCart(java.lang.String,java.lang.String)[pri:0, instance:app.test.SearchAndCartTest@449a4f23]" started-at="2023-07-21T11:20:28 IST" name="testSearchAndCart" finished-at="2023-07-21T11:20:41 IST" duration-ms="13227" status="PASS">
          <params>
            <param index="0">
              <value>
                <![CDATA[http://localhost:8080/Web-App-Automation-and-Testing]]>
              </value>
            </param>
            <param index="1">
              <value>
                <![CDATA[C:\Users\aksh1\Documents\workspace-spring-tool-suite-4-4.18.0.RELEASE\Web-App-Automation-and-Testing\src\main\resources\images\]]>
              </value>
            </param>
          </params>
          <reporter-output>
            <line>
              <![CDATA[inside testSearchAndCart]]>
            </line>
            <line>
              <![CDATA[Went to home Page]]>
            </line>
            <line>
              <![CDATA[Went to Login Page]]>
            </line>
            <line>
              <![CDATA[Sending correct credentials]]>
            </line>
            <line>
              <![CDATA[Went to Dashboard]]>
            </line>
            <line>
              <![CDATA[Sending a part of item name to get item names that contain this part]]>
            </line>
            <line>
              <![CDATA[Displaying the items which contain the part - note in them]]>
            </line>
            <line>
              <![CDATA[Adding Spiral Notebook to cart]]>
            </line>
            <line>
              <![CDATA[Removing Spiral Notebook from cart]]>
            </line>
            <line>
              <![CDATA[Logging out]]>
            </line>
            <line>
              <![CDATA[Went back to Home]]>
            </line>
          </reporter-output>
        </test-method> <!-- testSearchAndCart -->
        <test-method is-config="true" signature="tearDown()[pri:0, instance:app.test.SearchAndCartTest@449a4f23]" started-at="2023-07-21T11:20:41 IST" name="tearDown" finished-at="2023-07-21T11:20:41 IST" duration-ms="125" status="PASS">
          <reporter-output>
          </reporter-output>
        </test-method> <!-- tearDown -->
      </class> <!-- app.test.SearchAndCartTest -->
    </test> <!-- WebApplicationTest -->
  </suite> <!-- WebApplicationTestSuite -->
</testng-results>
